<?xml version="1.0" encoding="UTF-8"?>
<testsuites>
  <testsuite name="CodeIgniter Application Test Suite" tests="3" assertions="3" failures="0" errors="0" time="0.044203">
    <testsuite name="Welcome_test" file="/var/www/html/code1/codeigniter/application/tests/controllers/Welcome_test.php" tests="3" assertions="3" failures="0" errors="0" time="0.044203">
      <testcase name="test_index" class="Welcome_test" file="/var/www/html/code1/codeigniter/application/tests/controllers/Welcome_test.php" line="13" assertions="1" time="0.023986"/>
      <testcase name="test_method_404" class="Welcome_test" file="/var/www/html/code1/codeigniter/application/tests/controllers/Welcome_test.php" line="19" assertions="1" time="0.014690"/>
      <testcase name="test_APPPATH" class="Welcome_test" file="/var/www/html/code1/codeigniter/application/tests/controllers/Welcome_test.php" line="25" assertions="1" time="0.005527"/>
    </testsuite>
  </testsuite>
</testsuites>
